<?xml version="1.0" encoding="UTF-8"?>
<testsuite xmlns:xsi="http://www.w3.org/2001/XMLSchema-instance" xsi:noNamespaceSchemaLocation="https://maven.apache.org/surefire/maven-surefire-plugin/xsd/surefire-test-report-3.0.xsd" version="3.0" name="com.asteroidhunter.ApiControllerTest" time="2.652" tests="2" errors="0" skipped="0" failures="0">
  <properties>
[...]
</properties>
  <testcase name="configReturnsTimezone" classname="com.asteroidhunter.ApiControllerTest" time="0.65">
    <system-out><![CDATA[20:26:20.541 [main] INFO org.springframework.test.context.support.AnnotationConfigContextLoaderUtils -- Could not detect default configuration classes for test class [com.asteroidhunter.ApiControllerTest]: ApiControllerTest does not declare any static, non-private, non-final, nested classes annotated with @Configuration.
20:26:20.626 [main] INFO org.springframework.boot.test.context.SpringBootTestContextBootstrapper -- Found @SpringBootConfiguration com.asteroidhunter.AsteroidHunterApplication for test class com.asteroidhunter.ApiControllerTest

  .   ____          _            __ _ _
 /\\ / ___'_ __ _ _(_)_ __  __ _ \ \ \ \
( ( )\___ | '_ | '_| | '_ \/ _` | \ \ \ \
 \\/  ___)| |_)| | | | | || (_| |  ) ) ) )
  '  |____| .__|_| |_|_| |_\__, | / / / /
 =========|_|==============|___/=/_/_/_/

 :: Spring Boot ::                (v3.3.8)

2026-02-25T20:26:20.945-05:00  INFO 16940 --- [           main] com.asteroidhunter.ApiControllerTest     : Starting ApiControllerTest using Java 21.0.10 with PID 16940 (started by patrick in /home/patrick/Development/asteroid-finder/server)
2026-02-25T20:26:20.946-05:00  INFO 16940 --- [           main] com.asteroidhunter.ApiControllerTest     : No active profile set, falling back to 1 default profile: "default"
2026-02-25T20:26:22.229-05:00  INFO 16940 --- [           main] o.s.b.t.m.w.SpringBootMockServletContext : Initializing Spring TestDispatcherServlet ''
2026-02-25T20:26:22.230-05:00  INFO 16940 --- [           main] o.s.t.web.servlet.TestDispatcherServlet  : Initializing Servlet ''
2026-02-25T20:26:22.240-05:00  INFO 16940 --- [           main] o.s.b.a.e.web.EndpointLinksResolver      : Exposing 1 endpoint beneath base path '/actuator'
2026-02-25T20:26:22.248-05:00  INFO 16940 --- [           main] o.s.t.web.servlet.TestDispatcherServlet  : Completed initialization in 17 ms
2026-02-25T20:26:22.375-05:00  INFO 16940 --- [           main] com.asteroidhunter.ApiControllerTest     : Started ApiControllerTest in 1.669 seconds (process running for 2.856)
]]></system-out>
    <system-err><![CDATA[WARNING: A Java agent has been loaded dynamically (/home/patrick/.m2/repository/net/bytebuddy/byte-buddy-agent/1.14.19/byte-buddy-agent-1.14.19.jar)
WARNING: If a serviceability tool is in use, please run with -XX:+EnableDynamicAgentLoading to hide this warning
WARNING: If a serviceability tool is not in use, please run with -Djdk.instrument.traceUsage for more information
WARNING: Dynamic loading of agents will be disallowed by default in a future release
]]></system-err>
  </testcase>
  <testcase name="healthReturnsOk" classname="com.asteroidhunter.ApiControllerTest" time="0.005"/>
</testsuite>